0 info it worked if it ends with ok
1 verbose cli [ 'C:\\Program Files\\nodejs\\node.exe',
1 verbose cli   'C:\\Program Files\\nodejs\\node_modules\\npm\\bin\\npm-cli.js',
1 verbose cli   'install',
1 verbose cli   'webpack',
1 verbose cli   'webpack-cli',
1 verbose cli   '--save-dev' ]
2 info using npm@3.10.10
3 info using node@v6.11.0
4 silly loadCurrentTree Starting
5 silly install loadCurrentTree
6 silly install readLocalPackageData
7 silly fetchPackageMetaData webpack
8 silly fetchPackageMetaData webpack-cli
9 silly fetchNamedPackageData webpack
10 silly mapToRegistry name webpack
11 silly mapToRegistry using default registry
12 silly mapToRegistry registry https://registry.npmjs.org/
13 silly mapToRegistry data Result {
13 silly mapToRegistry   raw: 'webpack',
13 silly mapToRegistry   scope: null,
13 silly mapToRegistry   escapedName: 'webpack',
13 silly mapToRegistry   name: 'webpack',
13 silly mapToRegistry   rawSpec: '',
13 silly mapToRegistry   spec: 'latest',
13 silly mapToRegistry   type: 'tag' }
14 silly mapToRegistry uri https://registry.npmjs.org/webpack
15 silly fetchNamedPackageData webpack-cli
16 silly mapToRegistry name webpack-cli
17 silly mapToRegistry using default registry
18 silly mapToRegistry registry https://registry.npmjs.org/
19 silly mapToRegistry data Result {
19 silly mapToRegistry   raw: 'webpack-cli',
19 silly mapToRegistry   scope: null,
19 silly mapToRegistry   escapedName: 'webpack-cli',
19 silly mapToRegistry   name: 'webpack-cli',
19 silly mapToRegistry   rawSpec: '',
19 silly mapToRegistry   spec: 'latest',
19 silly mapToRegistry   type: 'tag' }
20 silly mapToRegistry uri https://registry.npmjs.org/webpack-cli
21 verbose request uri https://registry.npmjs.org/webpack-cli
22 verbose request no auth needed
23 info attempt registry request try #1 at 18:43:45
24 verbose request id 99fd4ef1927ec834
25 verbose etag W/"0b8c11fdbeb70a8dec3bc1180d5f4770"
26 verbose lastModified Wed, 18 Jul 2018 14:57:38 GMT
27 http request GET https://registry.npmjs.org/webpack-cli
28 verbose request uri https://registry.npmjs.org/webpack
29 verbose request no auth needed
30 info attempt registry request try #1 at 18:43:45
31 verbose etag W/"93724995e9fb7ef93e0751b217a6f1ee"
32 verbose lastModified Mon, 06 Aug 2018 07:14:49 GMT
33 http request GET https://registry.npmjs.org/webpack
34 http 304 https://registry.npmjs.org/webpack-cli
35 verbose headers { date: 'Wed, 08 Aug 2018 10:43:58 GMT',
35 verbose headers   connection: 'keep-alive',
35 verbose headers   'set-cookie': [ '__cfduid=d57c6e0fadae27440a8e92c914dd2e9401533725038; expires=Thu, 08-Aug-19 10:43:58 GMT; path=/; domain=.registry.npmjs.org; HttpOnly' ],
35 verbose headers   'cache-control': 'max-age=300',
35 verbose headers   'cf-cache-status': 'HIT',
35 verbose headers   'cf-ray': '4471629118872282-LAX',
35 verbose headers   etag: '"0b8c11fdbeb70a8dec3bc1180d5f4770"',
35 verbose headers   'expect-ct': 'max-age=604800, report-uri="https://report-uri.cloudflare.com/cdn-cgi/beacon/expect-ct"',
35 verbose headers   'last-modified': 'Wed, 18 Jul 2018 14:57:38 GMT',
35 verbose headers   vary: 'accept-encoding, accept',
35 verbose headers   server: 'cloudflare' }
36 silly get cb [ 304,
36 silly get   { date: 'Wed, 08 Aug 2018 10:43:58 GMT',
36 silly get     connection: 'keep-alive',
36 silly get     'set-cookie': [ '__cfduid=d57c6e0fadae27440a8e92c914dd2e9401533725038; expires=Thu, 08-Aug-19 10:43:58 GMT; path=/; domain=.registry.npmjs.org; HttpOnly' ],
36 silly get     'cache-control': 'max-age=300',
36 silly get     'cf-cache-status': 'HIT',
36 silly get     'cf-ray': '4471629118872282-LAX',
36 silly get     etag: '"0b8c11fdbeb70a8dec3bc1180d5f4770"',
36 silly get     'expect-ct': 'max-age=604800, report-uri="https://report-uri.cloudflare.com/cdn-cgi/beacon/expect-ct"',
36 silly get     'last-modified': 'Wed, 18 Jul 2018 14:57:38 GMT',
36 silly get     vary: 'accept-encoding, accept',
36 silly get     server: 'cloudflare' } ]
37 verbose etag https://registry.npmjs.org/webpack-cli from cache
38 verbose get saving webpack-cli to C:\Users\Administrator\AppData\Roaming\npm-cache\registry.npmjs.org\webpack-cli\.cache.json
39 verbose correctMkdir C:\Users\Administrator\AppData\Roaming\npm-cache correctMkdir not in flight; initializing
40 http 304 https://registry.npmjs.org/webpack
41 verbose headers { date: 'Wed, 08 Aug 2018 10:43:58 GMT',
41 verbose headers   connection: 'keep-alive',
41 verbose headers   'set-cookie': [ '__cfduid=d0224ad675b0a413e935eb85280ab10081533725038; expires=Thu, 08-Aug-19 10:43:58 GMT; path=/; domain=.registry.npmjs.org; HttpOnly' ],
41 verbose headers   'cache-control': 'max-age=300',
41 verbose headers   'cf-cache-status': 'HIT',
41 verbose headers   'cf-ray': '447162918cd5538a-LAX',
41 verbose headers   etag: '"93724995e9fb7ef93e0751b217a6f1ee"',
41 verbose headers   'expect-ct': 'max-age=604800, report-uri="https://report-uri.cloudflare.com/cdn-cgi/beacon/expect-ct"',
41 verbose headers   'last-modified': 'Mon, 06 Aug 2018 07:14:49 GMT',
41 verbose headers   vary: 'accept-encoding, accept',
41 verbose headers   server: 'cloudflare' }
42 silly get cb [ 304,
42 silly get   { date: 'Wed, 08 Aug 2018 10:43:58 GMT',
42 silly get     connection: 'keep-alive',
42 silly get     'set-cookie': [ '__cfduid=d0224ad675b0a413e935eb85280ab10081533725038; expires=Thu, 08-Aug-19 10:43:58 GMT; path=/; domain=.registry.npmjs.org; HttpOnly' ],
42 silly get     'cache-control': 'max-age=300',
42 silly get     'cf-cache-status': 'HIT',
42 silly get     'cf-ray': '447162918cd5538a-LAX',
42 silly get     etag: '"93724995e9fb7ef93e0751b217a6f1ee"',
42 silly get     'expect-ct': 'max-age=604800, report-uri="https://report-uri.cloudflare.com/cdn-cgi/beacon/expect-ct"',
42 silly get     'last-modified': 'Mon, 06 Aug 2018 07:14:49 GMT',
42 silly get     vary: 'accept-encoding, accept',
42 silly get     server: 'cloudflare' } ]
43 verbose etag https://registry.npmjs.org/webpack from cache
44 verbose get saving webpack to C:\Users\Administrator\AppData\Roaming\npm-cache\registry.npmjs.org\webpack\.cache.json
45 verbose correctMkdir C:\Users\Administrator\AppData\Roaming\npm-cache correctMkdir not in flight; initializing
46 silly install normalizeTree
47 silly loadCurrentTree Finishing
48 silly loadIdealTree Starting
49 silly install loadIdealTree
50 silly cloneCurrentTree Starting
51 silly install cloneCurrentTreeToIdealTree
52 silly cloneCurrentTree Finishing
53 silly loadShrinkwrap Starting
54 silly install loadShrinkwrap
55 silly loadShrinkwrap Finishing
56 silly loadAllDepsIntoIdealTree Starting
57 silly install loadAllDepsIntoIdealTree
58 silly rollbackFailedOptional Starting
59 silly rollbackFailedOptional Finishing
60 silly runTopLevelLifecycles Finishing
61 silly install printInstalled
62 verbose stack Error: Refusing to install webpack as a dependency of itself
62 verbose stack     at checkSelf (C:\Program Files\nodejs\node_modules\npm\lib\install\validate-args.js:53:14)
62 verbose stack     at Array.<anonymous> (C:\Program Files\nodejs\node_modules\npm\node_modules\slide\lib\bind-actor.js:15:8)
62 verbose stack     at LOOP (C:\Program Files\nodejs\node_modules\npm\node_modules\slide\lib\chain.js:15:14)
62 verbose stack     at chain (C:\Program Files\nodejs\node_modules\npm\node_modules\slide\lib\chain.js:20:5)
62 verbose stack     at C:\Program Files\nodejs\node_modules\npm\lib\install\validate-args.js:16:5
62 verbose stack     at C:\Program Files\nodejs\node_modules\npm\node_modules\slide\lib\async-map.js:52:35
62 verbose stack     at Array.forEach (native)
62 verbose stack     at C:\Program Files\nodejs\node_modules\npm\node_modules\slide\lib\async-map.js:52:11
62 verbose stack     at Array.forEach (native)
62 verbose stack     at asyncMap (C:\Program Files\nodejs\node_modules\npm\node_modules\slide\lib\async-map.js:51:8)
63 verbose cwd C:\Users\Administrator\mytest\webpack
64 error Windows_NT 6.3.9600
65 error argv "C:\\Program Files\\nodejs\\node.exe" "C:\\Program Files\\nodejs\\node_modules\\npm\\bin\\npm-cli.js" "install" "webpack" "webpack-cli" "--save-dev"
66 error node v6.11.0
67 error npm  v3.10.10
68 error code ENOSELF
69 error Refusing to install webpack as a dependency of itself
70 error If you need help, you may report this error at:
70 error     <https://github.com/npm/npm/issues>
71 verbose exit [ 1, true ]
